21:18:33 **** Rebuild of configuration Debug for project A. Valera and X ****
Info: Configuration "Debug" uses tool-chain "MinGW GCC" that is unsupported on this system, attempting to build anyway.
Info: Internal Builder is used for build
g++ -O0 -g3 -Wall -c -fmessage-length=0 -o "src\\A. Valera and X.o" "..\\src\\A. Valera and X.cpp" 
g++ -o "A. Valera and X.exe" "src\\A. Valera and X.o" 
21:18:49 **** Incremental Build of configuration Debug for project A. Valera and X ****
Info: Configuration "Debug" uses tool-chain "MinGW GCC" that is unsupported on this system, attempting to build anyway.
Info: Internal Builder is used for build
g++ -O0 -g3 -Wall -c -fmessage-length=0 -o "src\\A. Valera and X.o" "..\\src\\A. Valera and X.cpp" 
g++ -o "A. Valera and X.exe" "src\\A. Valera and X.o" 
21:19:15 **** Incremental Build of configuration Debug for project A. Valera and X ****
Info: Configuration "Debug" uses tool-chain "MinGW GCC" that is unsupported on this system, attempting to build anyway.
Info: Internal Builder is used for build
g++ -O0 -g3 -Wall -c -fmessage-length=0 -o "src\\A. Valera and X.o" "..\\src\\A. Valera and X.cpp" 
g++ -o "A. Valera and X.exe" "src\\A. Valera and X.o" 
21:33:00 **** Incremental Build of configuration Debug for project A. Valera and X ****
Info: Configuration "Debug" uses tool-chain "MinGW GCC" that is unsupported on this system, attempting to build anyway.
Info: Internal Builder is used for build
g++ -O0 -g3 -Wall -c -fmessage-length=0 -o "src\\A. Valera and X.o" "..\\src\\A. Valera and X.cpp" 
..\src\A. Valera and X.cpp: In function 'int main()':
..\src\A. Valera and X.cpp:13:15: warning: unused variable 'ans' [-Wunused-variable]
  int n=0;bool ans=true;
               ^~~
g++ -o "A. Valera and X.exe" "src\\A. Valera and X.o" 
Info: Nothing to build for A. Valera and X
Info: Nothing to build for A. Valera and X
21:37:34 **** Incremental Build of configuration Debug for project A. Valera and X ****
Info: Configuration "Debug" uses tool-chain "MinGW GCC" that is unsupported on this system, attempting to build anyway.
Info: Internal Builder is used for build
g++ -O0 -g3 -Wall -c -fmessage-length=0 -o "src\\A. Valera and X.o" "..\\src\\A. Valera and X.cpp" 
g++ -o "A. Valera and X.exe" "src\\A. Valera and X.o" 
Info: Nothing to build for A. Valera and X
Info: Nothing to build for A. Valera and X
21:43:07 **** Incremental Build of configuration Debug for project A. Valera and X ****
Info: Configuration "Debug" uses tool-chain "MinGW GCC" that is unsupported on this system, attempting to build anyway.
Info: Internal Builder is used for build
g++ -O0 -g3 -Wall -c -fmessage-length=0 -o "src\\A. Valera and X.o" "..\\src\\A. Valera and X.cpp" 
g++ -o "A. Valera and X.exe" "src\\A. Valera and X.o" 
c:/mingw/bin/../lib/gcc/i686-pc-mingw32/8.1.0/../../../../i686-pc-mingw32/bin/ld.exe: cannot open output file A. Valera and X.exe: Permission denied
collect2.exe: error: ld returned 1 exit status
21:43:20 **** Incremental Build of configuration Debug for project A. Valera and X ****
Info: Configuration "Debug" uses tool-chain "MinGW GCC" that is unsupported on this system, attempting to build anyway.
Info: Internal Builder is used for build
g++ -o "A. Valera and X.exe" "src\\A. Valera and X.o" 
c:/mingw/bin/../lib/gcc/i686-pc-mingw32/8.1.0/../../../../i686-pc-mingw32/bin/ld.exe: cannot open output file A. Valera and X.exe: Permission denied
collect2.exe: error: ld returned 1 exit status
21:43:49 **** Incremental Build of configuration Debug for project A. Valera and X ****
Info: Configuration "Debug" uses tool-chain "MinGW GCC" that is unsupported on this system, attempting to build anyway.
Info: Internal Builder is used for build
g++ -o "A. Valera and X.exe" "src\\A. Valera and X.o" 
c:/mingw/bin/../lib/gcc/i686-pc-mingw32/8.1.0/../../../../i686-pc-mingw32/bin/ld.exe: cannot open output file A. Valera and X.exe: Permission denied
collect2.exe: error: ld returned 1 exit status
21:44:28 **** Incremental Build of configuration Debug for project A. Valera and X ****
Info: Configuration "Debug" uses tool-chain "MinGW GCC" that is unsupported on this system, attempting to build anyway.
Info: Internal Builder is used for build
g++ -o "A. Valera and X.exe" "src\\A. Valera and X.o" 
21:46:07 **** Incremental Build of configuration Debug for project A. Valera and X ****
Info: Configuration "Debug" uses tool-chain "MinGW GCC" that is unsupported on this system, attempting to build anyway.
Info: Internal Builder is used for build
g++ -O0 -g3 -Wall -c -fmessage-length=0 -o "src\\A. Valera and X.o" "..\\src\\A. Valera and X.cpp" 
g++ -o "A. Valera and X.exe" "src\\A. Valera and X.o" 
Info: Nothing to build for A. Valera and X
Info: Nothing to build for A. Valera and X
21:49:24 **** Incremental Build of configuration Debug for project A. Valera and X ****
Info: Configuration "Debug" uses tool-chain "MinGW GCC" that is unsupported on this system, attempting to build anyway.
Info: Internal Builder is used for build
g++ -O0 -g3 -Wall -c -fmessage-length=0 -o "src\\A. Valera and X.o" "..\\src\\A. Valera and X.cpp" 
g++ -o "A. Valera and X.exe" "src\\A. Valera and X.o" 
